<?xml version="1.0" encoding="UTF-8"?>
<!-- Generated by org.testng.reporters.JUnitXMLReporter -->
<testsuite ignored="2" hostname="DESKTOP-23937PA" failures="0" tests="1" name="Default test" time="0.073" errors="0" timestamp="2024-01-30T14:50:35 IST">
  <testcase classname="com.javaprograms.AllPrograms" name="Reversenum" time="0.012"/>
  <testcase classname="com.javaprograms.AllPrograms" name="Reversestring" time="0.0">
    <ignored/>
  </testcase> <!-- Reversestring -->
  <testcase classname="com.javaprograms.AllPrograms" name="Occurancewords" time="0.0">
    <ignored/>
  </testcase> <!-- Occurancewords -->
</testsuite> <!-- Default test -->
