<?xml version="1.0" encoding="UTF-8"?>
<!-- Generated by org.testng.reporters.JUnitXMLReporter -->
<testsuite ignored="3" hostname="DESKTOP-23937PA" failures="0" tests="1" name="Default test" time="0.118" errors="0" timestamp="2024-02-23T10:08:21 IST">
  <testcase classname="com.javaprograms.AllPrograms" name="Occurancewords" time="0.023"/>
  <testcase classname="com.javaprograms.AllPrograms" name="Reversestring" time="0.0">
    <ignored/>
  </testcase> <!-- Reversestring -->
  <testcase classname="com.javaprograms.AllPrograms" name="Reversenum" time="0.0">
    <ignored/>
  </testcase> <!-- Reversenum -->
  <testcase classname="com.javaprograms.AllPrograms" name="Occurenceofwords" time="0.0">
    <ignored/>
  </testcase> <!-- Occurenceofwords -->
</testsuite> <!-- Default test -->
